<?xml version="1.0" encoding="UTF-8"?>
<testsuite name="dev.pulceo.pna.integration.ProcessOutputReaderTests" tests="1" skipped="0" failures="0" errors="0" timestamp="2023-05-11T16:25:43" hostname="d162046.dhcp.netz-service.uni-bamberg.de" time="10.012">
  <properties/>
  <testcase name="whenReadProcessOutput_thenListofStringsMustBeReturned()" classname="dev.pulceo.pna.integration.ProcessOutputReaderTests" time="10.012"/>
  <system-out><![CDATA[[  5]   0.00-10.00  sec   109 GBytes  94.0 Gbits/sec    0             sender
[  5]   0.00-10.00  sec   109 GBytes  94.0 Gbits/sec    0             sender
[  5]   0.00-10.00  sec   109 GBytes  94.0 Gbits/sec    0             sender
[  5]   0.00-10.00  sec   109 GBytes  94.0 Gbits/sec    0             sender
[  5]   0.00-10.00  sec   109 GBytes  94.0 Gbits/sec    0             sender
[  5]   0.00-10.00  sec   109 GBytes  94.0 Gbits/sec    0             sender
[  5]   0.00-10.00  sec   109 GBytes  94.0 Gbits/sec    0             sender
[  5]   0.00-10.00  sec   109 GBytes  94.0 Gbits/sec    0             sender
[  5]   0.00-10.00  sec   109 GBytes  94.0 Gbits/sec    0             sender
[  5]   0.00-10.00  sec   109 GBytes  94.0 Gbits/sec    0             sender
[  5]   0.00-10.00  sec   109 GBytes  94.0 Gbits/sec    0             sender
[  5]   0.00-10.00  sec   109 GBytes  94.0 Gbits/sec    0             sender
[  5]   0.00-10.00  sec   109 GBytes  94.0 Gbits/sec    0             sender
[  5]   0.00-10.00  sec   109 GBytes  94.0 Gbits/sec    0             sender
[  5]   0.00-10.00  sec   109 GBytes  94.0 Gbits/sec    0             sender
[  5]   0.00-10.00  sec   109 GBytes  94.0 Gbits/sec    0             sender
[  5]   0.00-10.00  sec   109 GBytes  94.0 Gbits/sec    0             sender
[  5]   0.00-10.00  sec   109 GBytes  94.0 Gbits/sec    0             sender
[  5]   0.00-10.00  sec   109 GBytes  94.0 Gbits/sec    0             sender
]]></system-out>
  <system-err><![CDATA[]]></system-err>
</testsuite>
